1623321675060	geckodriver	INFO	Listening on 127.0.0.1:53529
1623321678156	mozrunner::runner	INFO	Running command: "C:\\Program Files\\Mozilla Firefox\\firefox.exe" "--marionette" "-foreground" "-no-remote" "-profile" "C:\\Users\\voyag\\AppData\\Local\\Temp\\rust_mozprofilevL2qsv"
1623321679598	Marionette	INFO	Marionette enabled
console.warn: SearchSettings: "get: No settings file exists, new profile?" (new NotFoundError("Could not open the file at C:\\Users\\voyag\\AppData\\Local\\Temp\\rust_mozprofilevL2qsv\\search.json.mozlz4", (void 0)))
console.error: Region.jsm: "Error fetching region" (new TypeError("NetworkError when attempting to fetch resource.", ""))
console.error: Region.jsm: "Failed to fetch region" (new Error("NO_RESULT", "resource://gre/modules/Region.jsm", 419))
1623321683524	Marionette	INFO	Listening on port 53537
1623321684056	Marionette	WARN	TLS certificate errors will be ignored for this session
JavaScript error: https://top-fwz1.mail.ru/js/code.js, line 26: NS_ERROR_NOT_INITIALIZED: 
1623321809387	Marionette	INFO	Stopped listening on port 53537

###!!! [Child][RunMessage] Error: Channel closing: too late to send/recv, messages will be lost

1623321977858	geckodriver	INFO	Listening on 127.0.0.1:61338
1623321981024	mozrunner::runner	INFO	Running command: "C:\\Program Files\\Mozilla Firefox\\firefox.exe" "--marionette" "-foreground" "-no-remote" "-profile" "C:\\Users\\voyag\\AppData\\Local\\Temp\\rust_mozprofile4B56UP"
1623321982002	Marionette	INFO	Marionette enabled
console.warn: SearchSettings: "get: No settings file exists, new profile?" (new NotFoundError("Could not open the file at C:\\Users\\voyag\\AppData\\Local\\Temp\\rust_mozprofile4B56UP\\search.json.mozlz4", (void 0)))
1623321985657	Marionette	INFO	Listening on port 61346
1623321985871	Marionette	WARN	TLS certificate errors will be ignored for this session
A content process crashed and MOZ_CRASHREPORTER_SHUTDOWN is set, shutting down
1623323751144	geckodriver	INFO	Listening on 127.0.0.1:55678
1623323754265	mozrunner::runner	INFO	Running command: "C:\\Program Files\\Mozilla Firefox\\firefox.exe" "--marionette" "-foreground" "-no-remote" "-profile" "C:\\Users\\voyag\\AppData\\Local\\Temp\\rust_mozprofilei8uGtN"
1623323755654	Marionette	INFO	Marionette enabled
console.warn: SearchSettings: "get: No settings file exists, new profile?" (new NotFoundError("Could not open the file at C:\\Users\\voyag\\AppData\\Local\\Temp\\rust_mozprofilei8uGtN\\search.json.mozlz4", (void 0)))
1623323759358	Marionette	INFO	Listening on port 55687
1623323759587	Marionette	WARN	TLS certificate errors will be ignored for this session
1623323837299	Marionette	INFO	Stopped listening on port 55687
3323794211	mozrunner::runner	INFO	Running command: "C:\\Program Files\\Mozilla Firefox\\firefox.exe" "--marionette" "-foreground" "-no-remote" "-profile" "C:\\Users\\voyag\\AppData\\Local\\Temp\\rust_mozprofilecrLHxP"
1623323794859	Marionette	INFO	Marionette enabled
console.warn: SearchSettings: "get: No settings file exists, new profile?" (new NotFoundError("Could not open the file at C:\\Users\\voyag\\AppData\\Local\\Temp\\rust_mozprofilecrLHxP\\search.json.mozlz4", (void 0)))
1623323798522	Marionette	INFO	Listening on port 55736
1623323799037	Marionette	WARN	TLS certificate errors will be ignored for this session
1623323836071	Marionette	INFO	Stopped listening on port 55736
1623324921369	geckodriver	INFO	Listening on 127.0.0.1:58575
1623324924519	mozrunner::runner	INFO	Running command: "C:\\Program Files\\Mozilla Firefox\\firefox.exe" "--marionette" "-foreground" "-no-remote" "-profile" "C:\\Users\\voyag\\AppData\\Local\\Temp\\rust_mozprofileAtcR3H"
1623324925304	Marionette	INFO	Marionette enabled
console.warn: SearchSettings: "get: No settings file exists, new profile?" (new NotFoundError("Could not open the file at C:\\Users\\voyag\\AppData\\Local\\Temp\\rust_mozprofileAtcR3H\\search.json.mozlz4", (void 0)))
1623324928571	Marionette	INFO	Listening on port 58583
1623324928720	Marionette	WARN	TLS certificate errors will be ignored for this session
1623324950335	geckodriver	INFO	Listening on 127.0.0.1:58622
1623324953398	mozrunner::runner	INFO	Running command: "C:\\Program Files\\Mozilla Firefox\\firefox.exe" "--marionette" "-foreground" "-no-remote" "-profile" "C:\\Users\\voyag\\AppData\\Local\\Temp\\rust_mozprofilea0zctN"
1623324953927	Marionette	INFO	Marionette enabled
console.warn: SearchSettings: "get: No settings file exists, new profile?" (new NotFoundError("Could not open the file at C:\\Users\\voyag\\AppData\\Local\\Temp\\rust_mozprofilea0zctN\\search.json.mozlz4", (void 0)))
1623324957562	Marionette	INFO	Listening on port 58630
1623324957616	Marionette	WARN	TLS certificate errors will be ignored for this session
1623325437440	geckodriver	INFO	Listening on 127.0.0.1:62690
1623325440561	mozrunner::runner	INFO	Running command: "C:\\Program Files\\Mozilla Firefox\\firefox.exe" "--marionette" "-foreground" "-no-remote" "-profile" "C:\\Users\\voyag\\AppData\\Local\\Temp\\rust_mozprofileoHvPaO"
1623325441351	Marionette	INFO	Marionette enabled
console.warn: SearchSettings: "get: No settings file exists, new profile?" (new NotFoundError("Could not open the file at C:\\Users\\voyag\\AppData\\Local\\Temp\\rust_mozprofileoHvPaO\\search.json.mozlz4", (void 0)))
1623325445067	Marionette	INFO	Listening on port 62698
1623325445386	Marionette	WARN	TLS certificate errors will be ignored for this session
1623325467420	geckodriver	INFO	Listening on 127.0.0.1:62740
1623325470509	mozrunner::runner	INFO	Running command: "C:\\Program Files\\Mozilla Firefox\\firefox.exe" "--marionette" "-foreground" "-no-remote" "-profile" "C:\\Users\\voyag\\AppData\\Local\\Temp\\rust_mozprofile0RPafH"
1623325471066	Marionette	INFO	Marionette enabled
console.warn: SearchSettings: "get: No settings file exists, new profile?" (new NotFoundError("Could not open the file at C:\\Users\\voyag\\AppData\\Local\\Temp\\rust_mozprofile0RPafH\\search.json.mozlz4", (void 0)))
1623325474891	Marionette	INFO	Listening on port 62748
1623325475321	Marionette	WARN	TLS certificate errors will be ignored for this session
1623325534706	geckodriver	INFO	Listening on 127.0.0.1:62793
1623325537749	mozrunner::runner	INFO	Running command: "C:\\Program Files\\Mozilla Firefox\\firefox.exe" "--marionette" "-foreground" "-no-remote" "-profile" "C:\\Users\\voyag\\AppData\\Local\\Temp\\rust_mozprofileMnloJG"
1623325538348	Marionette	INFO	Marionette enabled
console.warn: SearchSettings: "get: No settings file exists, new profile?" (new NotFoundError("Could not open the file at C:\\Users\\voyag\\AppData\\Local\\Temp\\rust_mozprofileMnloJG\\search.json.mozlz4", (void 0)))
1623325542259	Marionette	INFO	Listening on port 62801
1623325542577	Marionette	WARN	TLS certificate errors will be ignored for this session
1623325828959	geckodriver	INFO	Listening on 127.0.0.1:50896
1623325832052	mozrunner::runner	INFO	Running command: "C:\\Program Files\\Mozilla Firefox\\firefox.exe" "--marionette" "-foreground" "-no-remote" "-profile" "C:\\Users\\voyag\\AppData\\Local\\Temp\\rust_mozprofileBr6Z8k"
1623325832968	Marionette	INFO	Marionette enabled
console.warn: SearchSettings: "get: No settings file exists, new profile?" (new NotFoundError("Could not open the file at C:\\Users\\voyag\\AppData\\Local\\Temp\\rust_mozprofileBr6Z8k\\search.json.mozlz4", (void 0)))
1623325836343	Marionette	INFO	Listening on port 50904
1623325836866	Marionette	WARN	TLS certificate errors will be ignored for this session
1623328500950	geckodriver	INFO	Listening on 127.0.0.1:61677
1623328504086	mozrunner::runner	INFO	Running command: "C:\\Program Files\\Mozilla Firefox\\firefox.exe" "--marionette" "-foreground" "-no-remote" "-profile" "C:\\Users\\voyag\\AppData\\Local\\Temp\\rust_mozprofileYXAsNA"
1623328504881	Marionette	INFO	Marionette enabled
console.warn: SearchSettings: "get: No settings file exists, new profile?" (new NotFoundError("Could not open the file at C:\\Users\\voyag\\AppData\\Local\\Temp\\rust_mozprofileYXAsNA\\search.json.mozlz4", (void 0)))
1623328508391	Marionette	INFO	Listening on port 61685
1623328508903	Marionette	WARN	TLS certificate errors will be ignored for this session
1623328772929	geckodriver	INFO	Listening on 127.0.0.1:62924
1623328776063	mozrunner::runner	INFO	Running command: "C:\\Program Files\\Mozilla Firefox\\firefox.exe" "--marionette" "-foreground" "-no-remote" "-profile" "C:\\Users\\voyag\\AppData\\Local\\Temp\\rust_mozprofileHFONyQ"
1623328776872	Marionette	INFO	Marionette enabled
console.warn: SearchSettings: "get: No settings file exists, new profile?" (new NotFoundError("Could not open the file at C:\\Users\\voyag\\AppData\\Local\\Temp\\rust_mozprofileHFONyQ\\search.json.mozlz4", (void 0)))
1623328780295	Marionette	INFO	Listening on port 62932
1623328780355	Marionette	WARN	TLS certificate errors will be ignored for this session
